\BOOKMARK [1][-]{section.1}{\376\377\000I\000n\000t\000r\000o\000d\000u\000c\000t\000i\000o\000n}{}% 1
\BOOKMARK [1][-]{section.2}{\376\377\000L\000a\000n\000g\000u\000a\000g\000e\000\040\000o\000v\000e\000r\000v\000i\000e\000w}{}% 2
\BOOKMARK [1][-]{section.3}{\376\377\000N\000o\000t\000a\000t\000i\000o\000n\000s\000\040\000u\000s\000e\000d}{}% 3
\BOOKMARK [2][-]{subsection.3.1}{\376\377\000C\000o\000n\000t\000e\000x\000t\000s}{section.3}% 4
\BOOKMARK [1][-]{section.4}{\376\377\000S\000o\000u\000r\000c\000e\000\040\000l\000a\000n\000g\000u\000a\000g\000e\000\040\000a\000b\000s\000t\000r\000a\000c\000t\000\040\000s\000y\000n\000t\000a\000x}{}% 5
\BOOKMARK [1][-]{section.5}{\376\377\000T\000y\000p\000e\000\040\000s\000y\000n\000t\000a\000x}{}% 6
\BOOKMARK [1][-]{section.6}{\376\377\000A\000m\000b\000i\000g\000u\000i\000t\000y\000\040\000a\000n\000d\000\040\000t\000y\000p\000e\000\040\000i\000m\000p\000r\000o\000v\000e\000m\000e\000n\000t}{}% 7
\BOOKMARK [2][-]{subsection.6.1}{\376\377\000C\000o\000n\000s\000t\000r\000a\000i\000n\000t\000\040\000e\000n\000t\000a\000i\000l\000m\000e\000n\000t}{section.6}% 8
\BOOKMARK [2][-]{subsection.6.2}{\376\377\000C\000o\000n\000t\000e\000x\000t\000\040\000r\000e\000d\000u\000c\000t\000i\000o\000n}{section.6}% 9
\BOOKMARK [2][-]{subsection.6.3}{\376\377\000T\000y\000p\000e\000\040\000i\000m\000p\000r\000o\000v\000e\000m\000e\000n\000t}{section.6}% 10
\BOOKMARK [1][-]{section.7}{\376\377\000T\000y\000p\000e\000\040\000s\000y\000s\000t\000e\000m\000\040\000d\000e\000f\000i\000n\000i\000t\000i\000o\000n}{}% 11
\BOOKMARK [2][-]{subsection.7.1}{\376\377\000T\000y\000p\000i\000n\000g\000\040\000r\000u\000l\000e\000s\000\040\000f\000o\000r\000\040\000e\000x\000p\000r\000e\000s\000s\000i\000o\000n\000s}{section.7}% 12
\BOOKMARK [2][-]{subsection.7.2}{\376\377\000T\000y\000p\000i\000n\000g\000\040\000r\000u\000l\000e\000s\000\040\000f\000o\000r\000\040\000s\000t\000a\000t\000e\000m\000e\000n\000t\000s}{section.7}% 13
\BOOKMARK [2][-]{subsection.7.3}{\376\377\000T\000y\000p\000i\000n\000g\000\040\000Y\000u\000l\000\040\000b\000l\000o\000c\000k\000s}{section.7}% 14
\BOOKMARK [2][-]{subsection.7.4}{\376\377\000T\000y\000p\000i\000n\000g\000\040\000r\000u\000l\000e\000s\000\040\000f\000o\000r\000\040\000d\000e\000c\000l\000a\000r\000a\000t\000i\000o\000n\000s}{section.7}% 15
\BOOKMARK [1][-]{section.8}{\376\377\000D\000e\000s\000u\000g\000a\000r\000i\000n\000g}{}% 16
\BOOKMARK [2][-]{subsection.8.1}{\376\377\000D\000e\000s\000u\000g\000a\000r\000i\000n\000g\000\040\000o\000f\000\040\000-\000a\000b\000s\000t\000r\000a\000c\000t\000i\000o\000n\000s}{section.8}% 17
\BOOKMARK [2][-]{subsection.8.2}{\376\377\000G\000e\000n\000e\000r\000a\000t\000i\000o\000n\000\040\000o\000f\000\040\000u\000n\000i\000q\000u\000e\000\040\000f\000u\000n\000c\000t\000i\000o\000n\000\040\000t\000y\000p\000e\000s}{section.8}% 18
\BOOKMARK [2][-]{subsection.8.3}{\376\377\000G\000e\000n\000e\000r\000a\000t\000i\000o\000n\000\040\000o\000f\000\040\000I\000n\000v\000o\000k\000a\000b\000l\000e\000\040\000i\000n\000s\000t\000a\000n\000c\000e\000s}{section.8}% 19
\BOOKMARK [1][-]{section.9}{\376\377\000C\000o\000n\000c\000l\000u\000s\000i\000o\000n\000s\000\040\000a\000n\000d\000\040\000F\000u\000t\000u\000r\000e\000\040\000W\000o\000r\000k}{}% 20
